Unknown:
D:\Users\tarquino\Documents\Simulaciones_Curie\2018_Jul_24\2018_Aug_24-UHF_Patch_Reduced_Dim\Result\farfield (f=0.915)2D_1.ffp
D:\Users\tarquino\Documents\Simulaciones_Curie\2018_Jul_24\2018_Aug_24-UHF_Patch_Reduced_Dim\Result\farfield (f=0.915)_1.fme
D:\Users\tarquino\Documents\Simulaciones_Curie\2018_Jul_24\2018_Aug_24-UHF_Patch_Reduced_Dim\Result\farfield (f=0.921)2D_1.ffp
D:\Users\tarquino\Documents\Simulaciones_Curie\2018_Jul_24\2018_Aug_24-UHF_Patch_Reduced_Dim\Result\farfield (f=0.921)_1.fme
D:\Users\tarquino\Documents\Simulaciones_Curie\2018_Jul_24\2018_Aug_24-UHF_Patch_Reduced_Dim\Result\MCalc.ddi
D:\Users\tarquino\Documents\Simulaciones_Curie\2018_Jul_24\2018_Aug_24-UHF_Patch_Reduced_Dim\Result\MCalc.log
D:\Users\tarquino\Documents\Simulaciones_Curie\2018_Jul_24\2018_Aug_24-UHF_Patch_Reduced_Dim\Result\Model.axg
D:\Users\tarquino\Documents\Simulaciones_Curie\2018_Jul_24\2018_Aug_24-UHF_Patch_Reduced_Dim\Result\Model.ddi
D:\Users\tarquino\Documents\Simulaciones_Curie\2018_Jul_24\2018_Aug_24-UHF_Patch_Reduced_Dim\Result\Model.inf
D:\Users\tarquino\Documents\Simulaciones_Curie\2018_Jul_24\2018_Aug_24-UHF_Patch_Reduced_Dim\Result\Model.log
D:\Users\tarquino\Documents\Simulaciones_Curie\2018_Jul_24\2018_Aug_24-UHF_Patch_Reduced_Dim\Result\Model.sa
D:\Users\tarquino\Documents\Simulaciones_Curie\2018_Jul_24\2018_Aug_24-UHF_Patch_Reduced_Dim\Result\m^fifx.dsc
D:\Users\tarquino\Documents\Simulaciones_Curie\2018_Jul_24\2018_Aug_24-UHF_Patch_Reduced_Dim\Result\m^fqq.dsc
D:\Users\tarquino\Documents\Simulaciones_Curie\2018_Jul_24\2018_Aug_24-UHF_Patch_Reduced_Dim\Result\Postprocessing.log
D:\Users\tarquino\Documents\Simulaciones_Curie\2018_Jul_24\2018_Aug_24-UHF_Patch_Reduced_Dim\Result\p^a.dsc
D:\Users\tarquino\Documents\Simulaciones_Curie\2018_Jul_24\2018_Aug_24-UHF_Patch_Reduced_Dim\Result\P^m^fbqq.slog
D:\Users\tarquino\Documents\Simulaciones_Curie\2018_Jul_24\2018_Aug_24-UHF_Patch_Reduced_Dim\Result\P^m^fqq.slog
D:\Users\tarquino\Documents\Simulaciones_Curie\2018_Jul_24\2018_Aug_24-UHF_Patch_Reduced_Dim\Result\P^p^m.slog
D:\Users\tarquino\Documents\Simulaciones_Curie\2018_Jul_24\2018_Aug_24-UHF_Patch_Reduced_Dim\Result\WEP.log
Mesh:
D:\Users\tarquino\Documents\Simulaciones_Curie\2018_Jul_24\2018_Aug_24-UHF_Patch_Reduced_Dim\Result\dA.mat
D:\Users\tarquino\Documents\Simulaciones_Curie\2018_Jul_24\2018_Aug_24-UHF_Patch_Reduced_Dim\Result\dad.mat
D:\Users\tarquino\Documents\Simulaciones_Curie\2018_Jul_24\2018_Aug_24-UHF_Patch_Reduced_Dim\Result\ds.mat
D:\Users\tarquino\Documents\Simulaciones_Curie\2018_Jul_24\2018_Aug_24-UHF_Patch_Reduced_Dim\Result\dsd.mat
D:\Users\tarquino\Documents\Simulaciones_Curie\2018_Jul_24\2018_Aug_24-UHF_Patch_Reduced_Dim\Result\dsMCalc.mat
D:\Users\tarquino\Documents\Simulaciones_Curie\2018_Jul_24\2018_Aug_24-UHF_Patch_Reduced_Dim\Result\Eps.mat
D:\Users\tarquino\Documents\Simulaciones_Curie\2018_Jul_24\2018_Aug_24-UHF_Patch_Reduced_Dim\Result\HexMatrix.m2h
D:\Users\tarquino\Documents\Simulaciones_Curie\2018_Jul_24\2018_Aug_24-UHF_Patch_Reduced_Dim\Result\HexMatrix_MCalc.m2h
D:\Users\tarquino\Documents\Simulaciones_Curie\2018_Jul_24\2018_Aug_24-UHF_Patch_Reduced_Dim\Result\Kappa.mat
D:\Users\tarquino\Documents\Simulaciones_Curie\2018_Jul_24\2018_Aug_24-UHF_Patch_Reduced_Dim\Result\MCalc.fmp
D:\Users\tarquino\Documents\Simulaciones_Curie\2018_Jul_24\2018_Aug_24-UHF_Patch_Reduced_Dim\Result\MCalc.xcfd
D:\Users\tarquino\Documents\Simulaciones_Curie\2018_Jul_24\2018_Aug_24-UHF_Patch_Reduced_Dim\Result\mesher_shapes.fsi
D:\Users\tarquino\Documents\Simulaciones_Curie\2018_Jul_24\2018_Aug_24-UHF_Patch_Reduced_Dim\Result\Meta.m2h
D:\Users\tarquino\Documents\Simulaciones_Curie\2018_Jul_24\2018_Aug_24-UHF_Patch_Reduced_Dim\Result\Meta.mat
D:\Users\tarquino\Documents\Simulaciones_Curie\2018_Jul_24\2018_Aug_24-UHF_Patch_Reduced_Dim\Result\Model.fmf
D:\Users\tarquino\Documents\Simulaciones_Curie\2018_Jul_24\2018_Aug_24-UHF_Patch_Reduced_Dim\Result\Model.fmm
D:\Users\tarquino\Documents\Simulaciones_Curie\2018_Jul_24\2018_Aug_24-UHF_Patch_Reduced_Dim\Result\Model.fpc
D:\Users\tarquino\Documents\Simulaciones_Curie\2018_Jul_24\2018_Aug_24-UHF_Patch_Reduced_Dim\Result\Model.fwf
D:\Users\tarquino\Documents\Simulaciones_Curie\2018_Jul_24\2018_Aug_24-UHF_Patch_Reduced_Dim\Result\Model.mss
D:\Users\tarquino\Documents\Simulaciones_Curie\2018_Jul_24\2018_Aug_24-UHF_Patch_Reduced_Dim\Result\Model.sic
D:\Users\tarquino\Documents\Simulaciones_Curie\2018_Jul_24\2018_Aug_24-UHF_Patch_Reduced_Dim\Result\Model.spi
D:\Users\tarquino\Documents\Simulaciones_Curie\2018_Jul_24\2018_Aug_24-UHF_Patch_Reduced_Dim\Result\Model.xcfd
D:\Users\tarquino\Documents\Simulaciones_Curie\2018_Jul_24\2018_Aug_24-UHF_Patch_Reduced_Dim\Result\Model^PEC.fpf
D:\Users\tarquino\Documents\Simulaciones_Curie\2018_Jul_24\2018_Aug_24-UHF_Patch_Reduced_Dim\Result\Mue.mat
D:\Users\tarquino\Documents\Simulaciones_Curie\2018_Jul_24\2018_Aug_24-UHF_Patch_Reduced_Dim\Result\m^fifx.mem
D:\Users\tarquino\Documents\Simulaciones_Curie\2018_Jul_24\2018_Aug_24-UHF_Patch_Reduced_Dim\Result\m^fqq.mem
D:\Users\tarquino\Documents\Simulaciones_Curie\2018_Jul_24\2018_Aug_24-UHF_Patch_Reduced_Dim\Result\PEC.mat
D:\Users\tarquino\Documents\Simulaciones_Curie\2018_Jul_24\2018_Aug_24-UHF_Patch_Reduced_Dim\Result\p^a.mem
D:\Users\tarquino\Documents\Simulaciones_Curie\2018_Jul_24\2018_Aug_24-UHF_Patch_Reduced_Dim\Result\p^m.mem
D:\Users\tarquino\Documents\Simulaciones_Curie\2018_Jul_24\2018_Aug_24-UHF_Patch_Reduced_Dim\Result\Rho.mat
D:\Users\tarquino\Documents\Simulaciones_Curie\2018_Jul_24\2018_Aug_24-UHF_Patch_Reduced_Dim\Result\S2HMatrix.m2h
D:\Users\tarquino\Documents\Simulaciones_Curie\2018_Jul_24\2018_Aug_24-UHF_Patch_Reduced_Dim\Result\s^pm.mem
Port:
D:\Users\tarquino\Documents\Simulaciones_Curie\2018_Jul_24\2018_Aug_24-UHF_Patch_Reduced_Dim\Result\Model.pmi
